[2024-02-23T03:34:06.990+0000] {taskinstance.py:1956} INFO - Dependencies all met for dep_context=non-requeueable deps ti=<TaskInstance: Data-pipeline.transform_data scheduled__2024-02-21T00:00:00+00:00 [queued]>
[2024-02-23T03:34:06.995+0000] {taskinstance.py:1956} INFO - Dependencies all met for dep_context=requeueable deps ti=<TaskInstance: Data-pipeline.transform_data scheduled__2024-02-21T00:00:00+00:00 [queued]>
[2024-02-23T03:34:06.995+0000] {taskinstance.py:2170} INFO - Starting attempt 1 of 1
[2024-02-23T03:34:07.001+0000] {taskinstance.py:2191} INFO - Executing <Task(PythonOperator): transform_data> on 2024-02-21 00:00:00+00:00
[2024-02-23T03:34:07.006+0000] {standard_task_runner.py:60} INFO - Started process 315 to run task
[2024-02-23T03:34:07.009+0000] {standard_task_runner.py:87} INFO - Running: ['***', 'tasks', 'run', 'Data-pipeline', 'transform_data', 'scheduled__2024-02-21T00:00:00+00:00', '--job-id', '9', '--raw', '--subdir', 'DAGS_FOLDER/dag.py', '--cfg-path', '/tmp/tmpf9coeke9']
[2024-02-23T03:34:07.011+0000] {standard_task_runner.py:88} INFO - Job 9: Subtask transform_data
[2024-02-23T03:34:07.057+0000] {task_command.py:423} INFO - Running <TaskInstance: Data-pipeline.transform_data scheduled__2024-02-21T00:00:00+00:00 [running]> on host 313a02c13f91
[2024-02-23T03:34:07.265+0000] {taskinstance.py:2480} INFO - Exporting env vars: AIRFLOW_CTX_DAG_OWNER='***' AIRFLOW_CTX_DAG_ID='Data-pipeline' AIRFLOW_CTX_TASK_ID='transform_data' AIRFLOW_CTX_EXECUTION_DATE='2024-02-21T00:00:00+00:00' AIRFLOW_CTX_TRY_NUMBER='1' AIRFLOW_CTX_DAG_RUN_ID='scheduled__2024-02-21T00:00:00+00:00'
[2024-02-23T03:34:07.631+0000] {python.py:201} INFO - Done. Returned value was:      year      month  branch_id  salary_per_hour
0    2019  September          1            71040
1    2019    October          1            70437
2    2019   November          1            75408
3    2019   December          1            74288
4    2020    January          1            74972
..    ...        ...        ...              ...
97   2020       July       2635            40625
98   2020     August       2635            40625
99   2020  September       2635            40625
100  2020    October       2635            40625
101  2020   November       2635            40625

[102 rows x 4 columns]
[2024-02-23T03:34:07.683+0000] {taskinstance.py:1138} INFO - Marking task as SUCCESS. dag_id=Data-pipeline, task_id=transform_data, execution_date=20240221T000000, start_date=20240223T033406, end_date=20240223T033407
[2024-02-23T03:34:07.737+0000] {local_task_job_runner.py:234} INFO - Task exited with return code 0
