[2024-02-23T03:28:49.072+0000] {manager.py:469} INFO - Processing files using up to 2 processes at a time 
[2024-02-23T03:28:49.072+0000] {manager.py:470} INFO - Process each file at most once every 30 seconds
[2024-02-23T03:28:49.072+0000] {manager.py:471} INFO - Checking for new files in /opt/airflow/dags every 300 seconds
[2024-02-23T03:28:49.073+0000] {manager.py:738} INFO - Searching for files in /opt/airflow/dags
[2024-02-23T03:28:49.095+0000] {manager.py:741} INFO - There are 1 files in /opt/airflow/dags
[2024-02-23T03:28:49.807+0000] {manager.py:879} INFO - 
================================================================================
DAG File Processing Stats

File Path                   PID  Runtime      # DAGs    # Errors  Last Runtime    Last Run
------------------------  -----  ---------  --------  ----------  --------------  ----------
/opt/airflow/dags/dag.py    167  0.41s             0           0
================================================================================
[2024-02-23T03:29:20.065+0000] {manager.py:879} INFO - 
================================================================================
DAG File Processing Stats

File Path                 PID    Runtime      # DAGs    # Errors  Last Runtime    Last Run
------------------------  -----  ---------  --------  ----------  --------------  -------------------
/opt/airflow/dags/dag.py                           0           1  4.85s           2024-02-23T03:28:54
================================================================================
[2024-02-23T03:29:50.577+0000] {manager.py:879} INFO - 
================================================================================
DAG File Processing Stats

File Path                 PID    Runtime      # DAGs    # Errors  Last Runtime    Last Run
------------------------  -----  ---------  --------  ----------  --------------  -------------------
/opt/airflow/dags/dag.py                           0           1  3.52s           2024-02-23T03:29:28
================================================================================
[2024-02-23T03:30:20.774+0000] {manager.py:879} INFO - 
================================================================================
DAG File Processing Stats

File Path                 PID    Runtime      # DAGs    # Errors  Last Runtime    Last Run
------------------------  -----  ---------  --------  ----------  --------------  -------------------
/opt/airflow/dags/dag.py                           0           1  3.89s           2024-02-23T03:30:02
================================================================================
[2024-02-23T03:30:50.800+0000] {manager.py:879} INFO - 
================================================================================
DAG File Processing Stats

File Path                 PID    Runtime      # DAGs    # Errors  Last Runtime    Last Run
------------------------  -----  ---------  --------  ----------  --------------  -------------------
/opt/airflow/dags/dag.py                           0           1  0.70s           2024-02-23T03:30:33
================================================================================
[2024-02-23T03:31:21.663+0000] {manager.py:879} INFO - 
================================================================================
DAG File Processing Stats

File Path                 PID    Runtime      # DAGs    # Errors  Last Runtime    Last Run
------------------------  -----  ---------  --------  ----------  --------------  -------------------
/opt/airflow/dags/dag.py                           0           1  0.95s           2024-02-23T03:31:05
================================================================================
[2024-02-23T03:31:51.788+0000] {manager.py:879} INFO - 
================================================================================
DAG File Processing Stats

File Path                 PID    Runtime      # DAGs    # Errors  Last Runtime    Last Run
------------------------  -----  ---------  --------  ----------  --------------  -------------------
/opt/airflow/dags/dag.py                           0           1  1.22s           2024-02-23T03:31:36
================================================================================
[2024-02-23T03:32:21.932+0000] {manager.py:879} INFO - 
================================================================================
DAG File Processing Stats

File Path                 PID    Runtime      # DAGs    # Errors  Last Runtime    Last Run
------------------------  -----  ---------  --------  ----------  --------------  -------------------
/opt/airflow/dags/dag.py                           0           1  4.22s           2024-02-23T03:32:11
================================================================================
[2024-02-23T03:32:52.006+0000] {manager.py:879} INFO - 
================================================================================
DAG File Processing Stats

File Path                 PID    Runtime      # DAGs    # Errors  Last Runtime    Last Run
------------------------  -----  ---------  --------  ----------  --------------  -------------------
/opt/airflow/dags/dag.py                           1           0  2.04s           2024-02-23T03:32:43
================================================================================
[2024-02-23T03:33:22.508+0000] {manager.py:879} INFO - 
================================================================================
DAG File Processing Stats

File Path                 PID    Runtime      # DAGs    # Errors  Last Runtime    Last Run
------------------------  -----  ---------  --------  ----------  --------------  -------------------
/opt/airflow/dags/dag.py                           1           0  0.27s           2024-02-23T03:33:14
================================================================================
[2024-02-23T03:33:49.130+0000] {manager.py:738} INFO - Searching for files in /opt/airflow/dags
[2024-02-23T03:33:49.164+0000] {manager.py:741} INFO - There are 1 files in /opt/airflow/dags
[2024-02-23T03:33:52.949+0000] {manager.py:879} INFO - 
================================================================================
DAG File Processing Stats

File Path                 PID    Runtime      # DAGs    # Errors  Last Runtime    Last Run
------------------------  -----  ---------  --------  ----------  --------------  -------------------
/opt/airflow/dags/dag.py                           1           0  0.27s           2024-02-23T03:33:45
================================================================================
[2024-02-23T03:34:23.493+0000] {manager.py:879} INFO - 
================================================================================
DAG File Processing Stats

File Path                 PID    Runtime      # DAGs    # Errors  Last Runtime    Last Run
------------------------  -----  ---------  --------  ----------  --------------  -------------------
/opt/airflow/dags/dag.py                           1           0  0.30s           2024-02-23T03:34:15
================================================================================
[2024-02-23T03:34:54.131+0000] {manager.py:879} INFO - 
================================================================================
DAG File Processing Stats

File Path                 PID    Runtime      # DAGs    # Errors  Last Runtime    Last Run
------------------------  -----  ---------  --------  ----------  --------------  -------------------
/opt/airflow/dags/dag.py                           1           0  0.36s           2024-02-23T03:34:46
================================================================================
[2024-02-23T03:35:24.574+0000] {manager.py:879} INFO - 
================================================================================
DAG File Processing Stats

File Path                 PID    Runtime      # DAGs    # Errors  Last Runtime    Last Run
------------------------  -----  ---------  --------  ----------  --------------  -------------------
/opt/airflow/dags/dag.py                           1           0  0.28s           2024-02-23T03:35:16
================================================================================
[2024-02-23T03:35:55.026+0000] {manager.py:879} INFO - 
================================================================================
DAG File Processing Stats

File Path                 PID    Runtime      # DAGs    # Errors  Last Runtime    Last Run
------------------------  -----  ---------  --------  ----------  --------------  -------------------
/opt/airflow/dags/dag.py                           1           0  0.35s           2024-02-23T03:35:47
================================================================================
[2024-02-23T03:36:25.651+0000] {manager.py:879} INFO - 
================================================================================
DAG File Processing Stats

File Path                 PID    Runtime      # DAGs    # Errors  Last Runtime    Last Run
------------------------  -----  ---------  --------  ----------  --------------  -------------------
/opt/airflow/dags/dag.py                           1           0  0.59s           2024-02-23T03:36:17
================================================================================
[2024-02-23T03:36:56.334+0000] {manager.py:879} INFO - 
================================================================================
DAG File Processing Stats

File Path                 PID    Runtime      # DAGs    # Errors  Last Runtime    Last Run
------------------------  -----  ---------  --------  ----------  --------------  -------------------
/opt/airflow/dags/dag.py                           1           0  0.44s           2024-02-23T03:36:48
================================================================================
[2024-02-23T03:36:56.824+0000] {manager.py:451} INFO - Exiting gracefully upon receiving signal 15
